设备： [<ppadb.device.Device object at 0x148310430>]
================第1章开始======================
================第一章开始======================
====click_a_until_b_appear_list：chapter_one_perform_list====
1 / 28
2 / 28
3 / 28
4 / 28
5 / 28
6 / 28
7 / 28
8 / 28
9 / 28
10 / 28
11 / 28
12 / 28
13 / 28
14 / 28
15 / 28
16 / 28
17 / 28
18 / 28
19 / 28
20 / 28
21 / 28
22 / 28
23 / 28
24 / 28
25 / 28
26 / 28
27 / 28
28 / 28
click_until_disappear 成功: {'locator': 'ui_layer/view/UiMission/UiMission/title/_but_close:but/Sprite', 'focus': (0.5, 0.5)}
click_element_safe 成功:  {'locator': 'ui_layer/view/UILevelHUD/UILevelHUD/_main/_left_bottom/_task/_but_task:but/_task_effect', 'focus': (0.5, 0.5)}
====click_a_until_b_appear_list：chapter_one_perform_list_1====
1 / 1
click_until_disappear 成功: {'locator': 'ui_layer/view/UIBuildingConstruct/UIBuildingConstruct/bg/_group_construct/_but_build:but/label', 'focus': (0.5, 0.5)}
====click_a_until_b_appear_list：chapter_one_perform_list_2====
1 / 4
2 / 4
3 / 4
4 / 4
====click_a_until_b_appear_list：chapter_one_perform_list_3====
1 / 11
2 / 11
3 / 11
4 / 11
5 / 11
6 / 11
7 / 11
8 / 11
9 / 11
10 / 11
11 / 11
click_until_disappear 成功: {'locator': 'ui_layer/view/UISupportPromote/UISupportPromote', 'focus': (0.5, 0.5)}
================第一章结束======================
================第1章结束======================
================第2章开始======================
================第二章开始======================
====click_a_until_b_appear_list：chapter_two_perform_list====
1 / 31
2 / 31
3 / 31
4 / 31
5 / 31
6 / 31
7 / 31
8 / 31
9 / 31
10 / 31
11 / 31
12 / 31
13 / 31
14 / 31
15 / 31
16 / 31
17 / 31
18 / 31
19 / 31
20 / 31
21 / 31
22 / 31
23 / 31
24 / 31
25 / 31
26 / 31
27 / 31
28 / 31
29 / 31
30 / 31
31 / 31
click_element_safe 成功:  {'locator': 'ui_layer/view/UIBuilding/UIBuilding/bg/_group/ui_support_work_building/arrange/_unlock/_but_building_add:but/Sprite', 'focus': (0.5, 0.5)}
====click_a_until_b_appear_list：chapter_two_perform_list_1====
1 / 16
2 / 16
3 / 16
4 / 16
5 / 16
6 / 16
7 / 16
8 / 16
9 / 16
10 / 16
11 / 16
12 / 16
13 / 16
14 / 16
15 / 16
16 / 16
click_until_disappear 成功: {'locator': 'ui_layer/view/UIActivityXueyuan/UIActivityXueyuan/anim_pop/_bg/_btn_close:but', 'focus': (0.5, 0.5)}
====click_a_until_b_appear_list：chapter_two_perform_list_2====
1 / 16
2 / 16
3 / 16
4 / 16
5 / 16
6 / 16
7 / 16
8 / 16
9 / 16
10 / 16
11 / 16
12 / 16
13 / 16
14 / 16
15 / 16
16 / 16
click_until_disappear 成功: {'locator': 'ui_layer/view/UIStoryCartoon/UIStoryCartoon', 'focus': (0.5, 0.5)}
================第二章结束======================
================第2章结束======================
================第3章开始======================
================第三章开始======================
====click_a_until_b_appear_list：chapter_three_perform_list====
1 / 10
2 / 10
3 / 10
4 / 10
5 / 10
6 / 10
7 / 10
8 / 10
9 / 10
10 / 10
====click_a_until_b_appear_list：chapter_three_perform_list_1====
1 / 36
2 / 36
3 / 36
4 / 36
5 / 36
6 / 36
7 / 36
8 / 36
9 / 36
10 / 36
11 / 36
12 / 36
13 / 36
14 / 36
15 / 36
16 / 36
17 / 36
18 / 36
19 / 36
20 / 36
21 / 36
22 / 36
23 / 36
24 / 36
25 / 36
26 / 36
27 / 36
28 / 36
29 / 36
30 / 36
31 / 36
32 / 36
33 / 36
34 / 36
35 / 36
36 / 36
click_until_disappear 成功: {'locator': 'ui_layer/view/UISlgBuildingUpgrade/UISlgBuildingUpgrade/main/_group_buttons/_but_use_diamond:but/label', 'focus': (0.5, 0.5)}
click_element_safe 成功:  {'locator': 'ui_layer/view/UILevelHUD/UILevelHUD/_main/_top_res/_but_support:but/_support_anim', 'focus': (0.5, 0.5)}
click_element_safe 成功:  {'locator': 'ui_layer/view/UISupportManagement/UISupportManagement/main/_but_close:but/_n_spr_closse_icon:spr', 'focus': (0.5, 0.5)}
====click_a_until_b_appear_list：chapter_three_perform_list_2====
1 / 14
2 / 14
3 / 14
4 / 14
5 / 14
6 / 14
7 / 14
8 / 14
9 / 14
10 / 14
11 / 14
12 / 14
13 / 14
14 / 14
click_until_disappear 成功: {'locator': 'ui_layer/view/UIReward/UIReward/text01', 'focus': (0.5, 0.5)}
================第三章结束======================
================第3章结束======================
================第4章开始======================
================第四章开始======================
====click_a_until_b_appear_list：chapter_four_perform_list_1====
1 / 23
2 / 23
3 / 23
4 / 23
5 / 23
6 / 23
7 / 23
8 / 23
9 / 23
10 / 23
11 / 23
12 / 23
13 / 23
14 / 23
15 / 23
16 / 23
17 / 23
18 / 23
19 / 23
20 / 23
21 / 23
22 / 23
23 / 23
click_until_disappear 成功: {'locator': 'ui_layer/view/ui_res_use_item/ui_res_use_item/bottom/title/_but_close:but/sprite', 'focus': (0.5, 0.5)}
click_until_disappear 成功: {'locator': 'ui_layer/view/UIHeroInfo/UIHeroInfo/bottom-001/_btn_back', 'focus': (0.5, 0.5)}
====click_a_until_b_appear_list：chapter_four_perform_list_2====
1 / 3
2 / 3
3 / 3
click_element_safe 成功:  {'locator': 'ui_layer/view/UIBattleEmbattle/UIBattleEmbattle/_but_quick_formation:but/_lab_quick_formation:lab', 'focus': (0.5, 0.5)}
====click_a_until_b_appear_list：chapter_four_perform_list_3====
1 / 16
2 / 16
3 / 16
4 / 16
5 / 16
6 / 16
7 / 16
8 / 16
9 / 16
10 / 16
11 / 16
12 / 16
13 / 16
14 / 16
15 / 16
16 / 16
click_until_disappear 成功: {'locator': 'ui_layer/view/UiFirstPay/UiFirstPay/_tree/_but_close', 'focus': (0.5, 0)}
====click_a_until_b_appear_list：chapter_four_perform_list_4====
1 / 15
2 / 15
3 / 15
4 / 15
5 / 15
6 / 15
7 / 15
8 / 15
9 / 15
10 / 15
11 / 15
12 / 15
13 / 15
14 / 15
15 / 15
click_until_disappear 成功: {'locator': 'ui_layer/view/ui_res_use_item/ui_res_use_item/bottom/title/_but_close:but/sprite', 'focus': (0.5, 0.5)}
click_element_safe 成功:  {'locator': 'ui_layer/view/UIHeroList/UIHeroList/bottom/_closeBtn', 'focus': (0.5, 0.5)}
====click_a_until_b_appear_list：chapter_four_perform_list_5====
1 / 2
2 / 2
click_until_disappear 成功: {'locator': 'ui_layer/view/ui_res_use_item/ui_res_use_item/bottom/title/_but_close:but/sprite', 'focus': (0.5, 0.5)}
click_until_disappear 成功: {'locator': 'ui_layer/view/UIHeroList/UIHeroList/bottom/_closeBtn', 'focus': (0.5, 0.5)}
====click_a_until_b_appear_list：chapter_four_perform_list_6====
1 / 14
2 / 14
3 / 14
4 / 14
5 / 14
6 / 14
7 / 14
8 / 14
9 / 14
10 / 14
11 / 14
12 / 14
13 / 14
14 / 14
click_element_safe
click_element_safe 成功:  {'locator': 'ui_layer/view/UILevelHUD/UILevelHUD/_main/_left_bottom/_task/_but_task:but/ui_xinshou', 'focus': (0.5, 0.5)}
click_element_safe 成功:  {'locator': 'ui_layer/view/UiSupportWorkAdopt/UiSupportWorkAdopt/main/_btn_adopt:but/_lab_adopt:lab', 'focus': (0.5, 0.5)}
click_element_safe 成功:  {'locator': 'ui_layer/view/UILevelHUD/UILevelHUD/_main/_left_bottom/_task/_but_task:but/ui_xinshou', 'focus': (0.5, 0.5)}
click_element_safe 成功:  {'locator': 'ui_layer/view/UiSupportWorkAdopt/UiSupportWorkAdopt/main/_btn_adopt:but/_lab_adopt:lab', 'focus': (0.5, 0.5)}
click_element_safe 成功:  {'locator': 'ui_layer/view/UIBuildingConstruct/UIBuildingConstruct/bg/_group_construct/_but_build:but/label', 'focus': (0.5, 0.5)}
click_element_safe 成功:  {'locator': 'ui_layer/view/UILevelHUD/UILevelHUD/_main/_left_bottom/_task/_but_task:but/ui_xinshou', 'focus': (0.5, 0.5)}
click_element_safe 成功:  {'locator': 'ui_layer/view/UiSupportWorkAdopt/UiSupportWorkAdopt/main/_btn_adopt:but/_lab_adopt:lab', 'focus': (0.5, 0.5)}
click_element_safe 成功:  {'locator': 'ui_layer/view/UILevelHUD/UILevelHUD/_main/_left_bottom/_task/_but_task:but/ui_xinshou', 'focus': (0.5, 0.5)}
====click_a_until_b_appear_list：chapter_four_perform_list_7====
1 / 12
2 / 12
3 / 12
4 / 12
5 / 12
6 / 12
7 / 12
8 / 12
9 / 12
10 / 12
11 / 12
12 / 12
click_element_safe 成功:  {'locator': 'ui_layer/view/UIBuilding/UIBuilding/bg/_but_open_upgrade:but', 'focus': (0.5, 0.5)}
click_until_disappear 成功: {'locator': 'ui_layer/view/UISlgBuildingUpgrade/UISlgBuildingUpgrade/main/_group_buttons/_but_use_diamond:but/label', 'focus': (0.5, 0.5)}
click_element_safe 成功:  {'locator': 'ui_layer/view/UIBuilding/UIBuilding/bg/_group/_building_upgrade_layout/ui_building_item_upgrade/_buttom/_but_upgrade:but/_lab_upgradeBtn:lab', 'focus': (0.5, 0.5)}
click_element_safe 成功:  {'locator': 'ui_layer/view/UIBuilding/UIBuilding/bg/_group/_building_upgrade_layout/ui_building_item_upgrade/_buttom/_but_upgrade:but/_lab_upgradeBtn:lab', 'focus': (0.5, 0.5)}
click_element_safe 成功:  {'locator': 'ui_layer/view/UIBuilding/UIBuilding/bg/_group/_building_upgrade_layout/ui_building_item_upgrade/_buttom/_but_upgrade:but/_lab_upgradeBtn:lab', 'focus': (0.5, 0.5)}
click_element_safe 成功:  {'locator': 'ui_layer/view/UIBuilding/UIBuilding/bg/_group/_building_upgrade_layout/ui_building_item_upgrade/_buttom/_but_upgrade:but/_lab_upgradeBtn:lab', 'focus': (0.5, 0.5)}
click_element_safe 成功:  {'locator': 'ui_layer/view/UIBuilding/UIBuilding/bg/_group/_building_upgrade_layout/ui_building_item_upgrade/_buttom/_but_upgrade:but/_lab_upgradeBtn:lab', 'focus': (0.5, 0.5)}
click_element_safe 成功:  {'locator': 'ui_layer/view/UIBuilding/UIBuilding/bg/_group/_building_upgrade_layout/ui_building_item_upgrade/_buttom/_but_upgrade:but/_lab_upgradeBtn:lab', 'focus': (0.5, 0.5)}
click_element_safe 成功:  {'locator': 'ui_layer/view/UIBuilding/UIBuilding/bg/_group/_building_upgrade_layout/ui_building_item_upgrade/_buttom/_but_upgrade:but/_lab_upgradeBtn:lab', 'focus': (0.5, 0.5)}
click_element_safe 成功:  {'locator': 'ui_layer/view/UIBuilding/UIBuilding/bg/_group/_building_upgrade_layout/ui_building_item_upgrade/_buttom/_but_upgrade:but/_lab_upgradeBtn:lab', 'focus': (0.5, 0.5)}
click_element_safe 成功:  {'locator': 'ui_layer/view/UIBuilding/UIBuilding/bg/_group/_building_upgrade_layout/ui_building_item_upgrade/_buttom/_but_upgrade:but/_lab_upgradeBtn:lab', 'focus': (0.5, 0.5)}
click_element_safe 成功:  {'locator': 'ui_layer/view/UIBuilding/UIBuilding/bg/_group/_building_upgrade_layout/ui_building_item_upgrade/_buttom/_but_upgrade:but/_lab_upgradeBtn:lab', 'focus': (0.5, 0.5)}
click_element_safe 成功:  {'locator': 'ui_layer/view/UIBuilding/UIBuilding/bg/_group/_building_upgrade_layout/ui_building_item_upgrade/_buttom/_but_upgrade:but/_lab_upgradeBtn:lab', 'focus': (0.5, 0.5)}
判断2
====click_a_until_b_appear_list：chapter_four_perform_list_8====
1 / 1
click_element_safe 成功:  {'locator': 'ui_layer/view/UIBuilding/UIBuilding/bg/_but_open_upgrade:but', 'focus': (0.5, 0.5)}
click_until_disappear 成功: {'locator': 'ui_layer/view/UISlgBuildingUpgrade/UISlgBuildingUpgrade/main/_group_buttons/_but_use_diamond:but/label', 'focus': (0.5, 0.5)}
click_until_disappear 成功: {'locator': 'ui_layer/view/UIBuilding/UIBuilding/bg/_task/_but_task:but/_task_effect', 'focus': (0.5, 0.2)}
====click_a_until_b_appear_list：chapter_four_perform_list_9====
1 / 3
2 / 3
3 / 3
====click_a_until_b_appear_list：chapter_four_perform_list_10====
1 / 8
2 / 8
3 / 8
4 / 8
5 / 8
6 / 8
7 / 8
8 / 8
================第四章结束======================
================第4章结束======================
================第5章开始======================
================第五章开始======================
====click_a_until_b_appear_list：chapter_five_perform_list====
1 / 36
2 / 36
3 / 36
4 / 36
5 / 36
6 / 36
7 / 36
8 / 36
9 / 36
10 / 36
11 / 36
12 / 36
13 / 36
14 / 36
15 / 36
16 / 36
17 / 36
18 / 36
19 / 36
20 / 36
21 / 36
22 / 36
23 / 36
24 / 36
25 / 36
26 / 36
27 / 36
28 / 36
29 / 36
30 / 36
31 / 36
32 / 36
33 / 36
34 / 36
35 / 36
36 / 36
click_until_disappear 成功: {'locator': 'ui_layer/view/ui_res_use_item/ui_res_use_item/bottom/title/_but_close:but/sprite', 'focus': (0.5, 0.5)}
====click_a_until_b_appear_list：chapter_five_perform_list_0====
1 / 2
2 / 2
click_until_disappear 成功: {'locator': 'ui_layer/view/ui_res_get_more_item/ui_res_get_more_item/title/_but_close:but', 'focus': (0.5, 0.5)}
click_until_disappear 成功: {'locator': 'ui_layer/view/UIHeroRankUp/UIHeroRankUp/bg/title/_button_close', 'focus': (0.5, 0.5)}
click_until_disappear 成功: {'locator': 'ui_layer/view/UIHeroInfo/UIHeroInfo/bottom-001/_btn_back', 'focus': (0.5, 0.5)}
====click_a_until_b_appear_list：chapter_five_perform_list_1====
1 / 2
2 / 2
click_until_disappear 成功: {'locator': 'ui_layer/view/ui_res_use_item/ui_res_use_item/bottom/title/_but_close:but/sprite', 'focus': (0.5, 0.5)}
====click_a_until_b_appear_list：chapter_five_perform_list_2====
1 / 2
2 / 2
click_until_disappear 成功: {'locator': 'ui_layer/view/ui_res_get_more_item/ui_res_get_more_item/title/_but_close:but', 'focus': (0.5, 0.5)}
click_until_disappear 成功: {'locator': 'ui_layer/view/UIHeroRankUp/UIHeroRankUp/bg/title/_button_close', 'focus': (0.5, 0.5)}
click_until_disappear 成功: {'locator': 'ui_layer/view/UIHeroInfo/UIHeroInfo/bottom-001/_btn_back', 'focus': (0.5, 0.5)}
click_until_disappear 成功: {'locator': 'ui_layer/view/UIHeroList/UIHeroList/bottom/_closeBtn', 'focus': (0.5, 0.5)}
====click_a_until_b_appear_list：chapter_five_perform_list_3====
1 / 30
2 / 30
3 / 30
4 / 30
5 / 30
6 / 30
7 / 30
8 / 30
9 / 30
10 / 30
11 / 30
12 / 30
13 / 30
14 / 30
15 / 30
16 / 30
17 / 30
18 / 30
19 / 30
20 / 30
21 / 30
22 / 30
23 / 30
24 / 30
25 / 30
26 / 30
27 / 30
28 / 30
29 / 30
30 / 30
click_until_disappear 成功: {'locator': 'ui_layer/view/UIRecruitNewHero/UIRecruitNewHero/bottom/_lab_tips:lab', 'focus': (0.5, 0.5)}
click_until_disappear 成功: {'locator': 'ui_layer/view/UIBattleResultWin/UIBattleResultWin/SubUIBattleResultMainWin/SubUIBattleResultMainWin/mian/but_layout/_but_next:but/_lab_but_next:lab', 'focus': (0.5, 0.5)}
click_element_safe 成功:  {'locator': 'ui_layer/view/UIBattleEmbattle/UIBattleEmbattle/_but_quick_formation:but/_lab_quick_formation:lab', 'focus': (0.5, 0.5)}
click_until_disappear 成功: {'locator': 'ui_layer/view/UIBattleEmbattle/UIBattleEmbattle/_but_start_battle:but', 'focus': (0.5, 0.5)}
click_until_disappear 成功: {'locator': 'ui_layer/view/UIBattleResultWin/UIBattleResultWin/SubUIBattleResultMainWin/SubUIBattleResultMainWin/mian/but_layout/_but_next:but/_lab_but_next:lab', 'focus': (0.5, 0.5)}
====click_a_until_b_appear_list：chapter_five_perform_list_4====
1 / 3
2 / 3
3 / 3
click_until_disappear 成功: {'locator': 'ui_layer/view/UIStoryDialogue/UIStoryDialogue/_dialogNode/dialog_item/group_continue/lab_continue:lab', 'focus': (1, 0.5)}
click_element_safe 成功:  {'locator': 'ui_layer/view/ui_res_use_item/ui_res_use_item/bottom/_list/view/_list_content/ui_res_item_30001/_but_goto:but/_goto_lab', 'focus': (0.5, 0.5)}
click_until_disappear 成功: {'locator': 'ui_layer/view/UIChapterLevel/UIChapterLevel/bottom/_but_close:but', 'focus': (0.5, 0.5)}
====click_a_until_b_appear_list：chapter_five_perform_list_5====
1 / 3
2 / 3
3 / 3
click_until_disappear 成功: {'locator': 'ui_layer/view/ui_res_use_item/ui_res_use_item/bottom/title/_but_close:but/sprite', 'focus': (0.5, 0.5)}
click_until_disappear 成功: {'locator': 'ui_layer/view/UIHeroInfo/UIHeroInfo/bottom-001/_btn_back', 'focus': (0.5, 0.5)}
click_until_disappear 成功: {'locator': 'ui_layer/view/UIHeroList/UIHeroList/bottom/_closeBtn', 'focus': (0.5, 0.5)}
====click_a_until_b_appear_list：chapter_five_perform_list_6====
1 / 7
2 / 7
3 / 7
4 / 7
5 / 7
6 / 7
7 / 7
click_until_disappear 成功: {'locator': 'ui_layer/view/UIBattleResultWin/UIBattleResultWin/SubUIBattleResultMainWin/SubUIBattleResultMainWin/mian/but_layout/_but_exit:but/_lab_but_exit:lab', 'focus': (0.5, 0.5)}
====bag_operation====
背包可使用物品数量： 7
click_element_safe 成功:  {'locator': 'ui_layer/view/UIBag/UIBag/middle/_List/view/content/ui_bag_item/temp', 'focus': (0.5, 0.5)}
当前点击物品数量: 18
click_element_safe 18 次:{'locator': 'ui_layer/view/UIBagPopup/UIBagPopup/Layout/_group_handle/_but_add:but/Sprite', 'focus': (0.5, 0.5)}
click_until_disappear 成功: {'locator': 'ui_layer/view/UIBagPopup/UIBagPopup/_group_button/_btn_use/btn_text', 'focus': (0.5, 0.5)}
click_element_safe 成功:  {'locator': 'ui_layer/view/UIBag/UIBag/middle/_List/view/content/ui_bag_item/temp', 'focus': (0.5, 0.5)}
当前点击物品数量: 94
click_element_safe 94 次:{'locator': 'ui_layer/view/UIBagPopup/UIBagPopup/Layout/_group_handle/_but_add:but/Sprite', 'focus': (0.5, 0.5)}
click_until_disappear 成功: {'locator': 'ui_layer/view/UIBagPopup/UIBagPopup/_group_button/_btn_use/btn_text', 'focus': (0.5, 0.5)}
click_element_safe 成功:  {'locator': 'ui_layer/view/UICommonPopup2/UICommonPopup2/_group_check/lay_check/_tog_check:tog/sprite', 'focus': (0.5, 0.5)}
click_until_disappear 成功: {'locator': 'ui_layer/view/UICommonPopup2/UICommonPopup2/layout/_but_confirm:but/_lab_confirm:lab', 'focus': (0.5, 0.5)}
click_element_safe 成功:  {'locator': 'ui_layer/view/UIBag/UIBag/middle/_List/view/content/ui_bag_item/temp', 'focus': (0.5, 0.5)}
当前点击物品数量: 72
click_element_safe 72 次:{'locator': 'ui_layer/view/UIBagPopup/UIBagPopup/Layout/_group_handle/_but_add:but/Sprite', 'focus': (0.5, 0.5)}
click_until_disappear 成功: {'locator': 'ui_layer/view/UIBagPopup/UIBagPopup/_group_button/_btn_use/btn_text', 'focus': (0.5, 0.5)}
click_element_safe 成功:  {'locator': 'ui_layer/view/UIBag/UIBag/middle/_List/view/content/ui_bag_item/temp', 'focus': (0.5, 0.5)}
当前点击物品数量: 15
click_element_safe 15 次:{'locator': 'ui_layer/view/UIBagPopup/UIBagPopup/Layout/_group_handle/_but_add:but/Sprite', 'focus': (0.5, 0.5)}
click_until_disappear 成功: {'locator': 'ui_layer/view/UIBagPopup/UIBagPopup/_group_button/_btn_use/btn_text', 'focus': (0.5, 0.5)}
click_element_safe 成功:  {'locator': 'ui_layer/view/UIBag/UIBag/middle/_List/view/content/ui_bag_item/temp', 'focus': (0.5, 0.5)}
当前点击物品数量: 95
click_element_safe 95 次:{'locator': 'ui_layer/view/UIBagPopup/UIBagPopup/Layout/_group_handle/_but_add:but/Sprite', 'focus': (0.5, 0.5)}
click_until_disappear 成功: {'locator': 'ui_layer/view/UIBagPopup/UIBagPopup/_group_button/_btn_use/btn_text', 'focus': (0.5, 0.5)}
click_element_safe 成功:  {'locator': 'ui_layer/view/UIBag/UIBag/middle/_List/view/content/ui_bag_item/temp', 'focus': (0.5, 0.5)}
当前点击物品数量: 32
click_element_safe 32 次:{'locator': 'ui_layer/view/UIBagPopup/UIBagPopup/Layout/_group_handle/_but_add:but/Sprite', 'focus': (0.5, 0.5)}
click_until_disappear 成功: {'locator': 'ui_layer/view/UIBagPopup/UIBagPopup/_group_button/_btn_use/btn_text', 'focus': (0.5, 0.5)}
click_element_safe 成功:  {'locator': 'ui_layer/view/UIBag/UIBag/middle/_List/view/content/ui_bag_item/temp', 'focus': (0.5, 0.5)}
当前点击物品数量: 63
click_element_safe 63 次:{'locator': 'ui_layer/view/UIBagPopup/UIBagPopup/Layout/_group_handle/_but_add:but/Sprite', 'focus': (0.5, 0.5)}
click_until_disappear 成功: {'locator': 'ui_layer/view/UIBagPopup/UIBagPopup/_group_button/_btn_use/btn_text', 'focus': (0.5, 0.5)}
click_element_safe 成功:  {'locator': 'ui_layer/view/UIBag/UIBag/bottom/_closeBtn', 'focus': (0.5, 0.5)}
====click_a_until_b_appear_list：chapter_five_perform_list_10====
1 / 10
2 / 10
3 / 10
4 / 10
5 / 10
6 / 10
7 / 10
8 / 10
9 / 10
10 / 10
click_element_safe 成功:  {'locator': 'ui_layer/view/UIBuilding/UIBuilding/bg/_but_open_upgrade:but', 'focus': (0.5, 0.5)}
click_until_disappear 成功: {'locator': 'ui_layer/view/UISlgBuildingUpgrade/UISlgBuildingUpgrade/main/_group_buttons/_but_use_diamond:but/label', 'focus': (0.5, 0.5)}
====click_a_until_b_appear_list：chapter_five_perform_list_11====
1 / 1
click_element_safe 成功:  {'locator': 'ui_layer/view/UIBuilding/UIBuilding/bg/_but_open_upgrade:but', 'focus': (0.5, 0.5)}
click_until_disappear 成功: {'locator': 'ui_layer/view/UISlgBuildingUpgrade/UISlgBuildingUpgrade/main/_group_buttons/_but_use_diamond:but/label', 'focus': (0.5, 0.5)}
====click_a_until_b_appear_list：chapter_five_perform_list_12====
1 / 1
click_element_safe 成功:  {'locator': 'ui_layer/view/UIBuilding/UIBuilding/bg/_but_open_upgrade:but', 'focus': (0.5, 0.5)}
click_until_disappear 成功: {'locator': 'ui_layer/view/UISlgBuildingUpgrade/UISlgBuildingUpgrade/main/_group_buttons/_but_use_diamond:but/label', 'focus': (0.5, 0.5)}
click_until_disappear 成功: {'locator': 'ui_layer/view/UIBuilding/UIBuilding/bg/_task/_but_task:but/_task_effect', 'focus': (0.5, 0.2)}
====click_a_until_b_appear_list：chapter_five_perform_list_13====
1 / 4
2 / 4
3 / 4
4 / 4
click_element_safe 成功:  {'locator': 'ui_layer/view/UIBuilding/UIBuilding/bg/_but_open_upgrade:but', 'focus': (0.5, 0.5)}
click_until_disappear 成功: {'locator': 'ui_layer/view/UISlgBuildingUpgrade/UISlgBuildingUpgrade/main/_group_buttons/_but_use_diamond:but/label', 'focus': (0.5, 0.5)}
====click_a_until_b_appear_list：chapter_five_perform_list_14====
1 / 3
2 / 3
3 / 3
click_element_safe 成功:  {'locator': 'ui_layer/view/UISlgBuildingUpgrade/UISlgBuildingUpgrade/main/_group_buttons/_but_use_diamond:but/label', 'focus': (0.5, 0.5)}
click_element_safe 成功:  {'locator': 'ui_layer/view/UICommonPopup2/UICommonPopup2/_group_check/lay_check/_tog_check:tog/sprite', 'focus': (0.5, 0.5)}
click_until_disappear 成功: {'locator': 'ui_layer/view/UICommonPopup2/UICommonPopup2/layout/_but_confirm:but/_lab_confirm:lab', 'focus': (0.5, 0.5)}
====click_a_until_b_appear_list：chapter_five_perform_list_15====
1 / 4
2 / 4
3 / 4
4 / 4
click_element_safe 成功:  {'locator': 'ui_layer/view/UIBuilding/UIBuilding/bg/_but_open_upgrade:but', 'focus': (0.5, 0.5)}
click_until_disappear 成功: {'locator': 'ui_layer/view/UISlgBuildingUpgrade/UISlgBuildingUpgrade/main/_group_buttons/_but_use_diamond:but/label', 'focus': (0.5, 0.5)}
====click_a_until_b_appear_list：chapter_five_perform_list_16====
1 / 1
click_element_safe 成功:  {'locator': 'ui_layer/view/UIBuilding/UIBuilding/bg/_but_open_upgrade:but', 'focus': (0.5, 0.5)}
click_until_disappear 成功: {'locator': 'ui_layer/view/UISlgBuildingUpgrade/UISlgBuildingUpgrade/main/_group_buttons/_but_use_diamond:but/label', 'focus': (0.5, 0.5)}
click_until_disappear 成功: {'locator': 'ui_layer/view/UIBuilding/UIBuilding/bg/_task/_but_task:but/_task_effect', 'focus': (0.5, 0.2)}
====click_a_until_b_appear_list：chapter_five_perform_list_17====
1 / 9
2 / 9
3 / 9
4 / 9
5 / 9
6 / 9
7 / 9
8 / 9
9 / 9
================第五章结束======================
================第5章结束======================
================第6章开始======================
================第六章开始======================
====click_a_until_b_appear_list：chapter_six_perform_list_0====
1 / 7
2 / 7
3 / 7
4 / 7
5 / 7
6 / 7
7 / 7
click_until_disappear 成功: {'locator': 'ui_layer/view/UIStoryDialogue/UIStoryDialogue/_dialogNode/dialog_item/group_continue/lab_continue:lab', 'focus': (1, 0.5)}
====click_a_until_b_appear_list：chapter_six_perform_list_1====
1 / 3
2 / 3
3 / 3
click_element_safe 成功:  {'locator': 'ui_layer/view/UILevelHUD/UILevelHUD/_main/_top/_but_utc_time:but/_lab_utc_time:lab', 'focus': (0.5, 0.5)}
====click_a_until_b_appear_list：chapter_six_perform_list_2====
1 / 12
2 / 12
3 / 12
4 / 12
5 / 12
6 / 12
7 / 12
8 / 12
9 / 12
10 / 12
11 / 12
12 / 12
click_until_disappear 成功: {'locator': 'ui_layer/view/UIReward/UIReward/text01', 'focus': (0.5, 0.5)}
click_until_disappear 成功: {'locator': 'ui_layer/view/UIStoryDialogue/UIStoryDialogue/_dialogNode/dialog_item/group_continue/lab_continue:lab', 'focus': (1, 0.5)}
====click_a_until_b_appear_list：chapter_six_perform_list_3====
1 / 11
2 / 11
3 / 11
4 / 11
5 / 11
6 / 11
7 / 11
8 / 11
9 / 11
10 / 11
11 / 11
click_element_safe 成功:  {'locator': 'ui_layer/view/UIBuilding/UIBuilding/bg/_but_open_upgrade:but', 'focus': (0.5, 0.5)}
click_until_disappear 成功: {'locator': 'ui_layer/view/UISlgBuildingUpgrade/UISlgBuildingUpgrade/main/_group_buttons/_but_use_diamond:but/label', 'focus': (0.5, 0.5)}
click_element_safe 成功:  {'locator': 'ui_layer/view/UILevelHUD/UILevelHUD/_main/_top/_but_utc_time:but/_lab_utc_time:lab', 'focus': (0.5, 0.5)}
====click_a_until_b_appear_list：chapter_six_perform_list_4====
1 / 4
2 / 4
3 / 4
4 / 4
click_element_safe 成功:  {'locator': 'ui_layer/view/UIBuilding/UIBuilding/bg/_but_open_upgrade:but', 'focus': (0.5, 0.5)}
click_until_disappear 成功: {'locator': 'ui_layer/view/UISlgBuildingUpgrade/UISlgBuildingUpgrade/main/_group_buttons/_but_use_diamond:but/label', 'focus': (0.5, 0.5)}
====click_a_until_b_appear_list：chapter_six_perform_list_5====
1 / 1
click_element_safe 成功:  {'locator': 'ui_layer/view/UIBuilding/UIBuilding/bg/_but_open_upgrade:but', 'focus': (0.5, 0.5)}
click_until_disappear 成功: {'locator': 'ui_layer/view/UISlgBuildingUpgrade/UISlgBuildingUpgrade/main/_group_buttons/_but_use_diamond:but/label', 'focus': (0.5, 0.5)}
click_until_disappear 成功: {'locator': 'ui_layer/view/UIBuilding/UIBuilding/bg/_task/_but_task:but/_task_effect', 'focus': (0.5, 0.2)}
====click_a_until_b_appear_list：chapter_six_perform_list_6====
1 / 2
2 / 2
click_until_disappear 成功: {'locator': 'ui_layer/view/UILevelHUD/UILevelHUD/_main/_left_bottom/_task/_but_task:but/ui_xinshou', 'focus': (0.5, 0.5)}
====hero_upgrade====
== cai_wen_ji 升级==
click_element_safe 成功:  {'locator': 'ui_layer/view/UIHeroInfo/UIHeroInfo/_ui_containe/ui_heroinfo_info/bottom/_group_upgrade/_btn_levelup/_btn_text:lab', 'focus': (0.5, 0.5)}
click_element_safe 成功:  {'locator': 'ui_layer/view/UIHeroInfo/UIHeroInfo/_ui_containe/ui_heroinfo_info/bottom/_group_upgrade/_btn_levelup/_btn_text:lab', 'focus': (0.5, 0.5)}
click_element_safe 成功:  {'locator': 'ui_layer/view/UIHeroInfo/UIHeroInfo/_ui_containe/ui_heroinfo_info/bottom/_group_upgrade/_btn_levelup/_btn_text:lab', 'focus': (0.5, 0.5)}
click_element_safe 成功:  {'locator': 'ui_layer/view/UIHeroInfo/UIHeroInfo/_ui_containe/ui_heroinfo_info/bottom/_group_upgrade/_btn_levelup/_btn_text:lab', 'focus': (0.5, 0.5)}
click_element_safe 成功:  {'locator': 'ui_layer/view/UIHeroInfo/UIHeroInfo/_ui_containe/ui_heroinfo_info/bottom/_group_upgrade/_btn_levelup/_btn_text:lab', 'focus': (0.5, 0.5)}
click_element_safe 成功:  {'locator': 'ui_layer/view/UIHeroInfo/UIHeroInfo/_ui_containe/ui_heroinfo_info/bottom/_group_upgrade/_btn_levelup/_btn_text:lab', 'focus': (0.5, 0.5)}
click_element_safe 成功:  {'locator': 'ui_layer/view/UIHeroInfo/UIHeroInfo/_ui_containe/ui_heroinfo_info/bottom/_group_upgrade/_btn_levelup/_btn_text:lab', 'focus': (0.5, 0.5)}
click_element_safe 成功:  {'locator': 'ui_layer/view/UIHeroInfo/UIHeroInfo/_ui_containe/ui_heroinfo_info/bottom/_group_upgrade/_btn_levelup/_btn_text:lab', 'focus': (0.5, 0.5)}
检测到 close_2
click_until_disappear 成功: {'locator': 'ui_layer/view/ui_res_use_item/ui_res_use_item/bottom/title/_but_close:but/sprite', 'focus': (0.5, 0.5)}
== cai_wen_ji 升星==
1 / 2
2 / 2
click_until_disappear 成功: {'locator': 'ui_layer/view/UIStoryDialogue/UIStoryDialogue/_dialogNode/dialog_item/group_continue/lab_continue:lab', 'focus': (1, 0.5)}
click_element_safe 成功:  {'locator': 'ui_layer/view/ui_res_get_more_item/ui_res_get_more_item/_list/view/_list_content/ui_res_item_30001/_but_goto:but/_goto_lab', 'focus': (0.5, 0.5)}
click_until_disappear 成功: {'locator': 'ui_layer/view/UIChapterLevel/UIChapterLevel/bottom/_but_close:but', 'focus': (0.5, 0.5)}
====hero_upgrade====
== cai_wen_ji 升级==
click_element_safe 成功:  {'locator': 'ui_layer/view/UIHeroInfo/UIHeroInfo/_ui_containe/ui_heroinfo_info/bottom/_group_upgrade/_btn_levelup/_btn_text:lab', 'focus': (0.5, 0.5)}
检测到 close_2
click_until_disappear 成功: {'locator': 'ui_layer/view/ui_res_use_item/ui_res_use_item/bottom/title/_but_close:but/sprite', 'focus': (0.5, 0.5)}
== cai_wen_ji 升星==
1 / 2
2 / 2
click_until_disappear 成功: {'locator': 'ui_layer/view/ui_res_get_more_item/ui_res_get_more_item/title/_but_close:but', 'focus': (0.5, 0.5)}
click_until_disappear 成功: {'locator': 'ui_layer/view/UIHeroRankUp/UIHeroRankUp/bg/title/_button_close', 'focus': (0.5, 0.5)}
click_until_disappear 成功: {'locator': 'ui_layer/view/UIHeroInfo/UIHeroInfo/bottom-001/_btn_back', 'focus': (0.5, 0.5)}
== guan_yin_ping 升级==
click_element_safe 成功:  {'locator': 'ui_layer/view/UIHeroInfo/UIHeroInfo/_ui_containe/ui_heroinfo_info/bottom/_group_upgrade/_btn_levelup/_btn_text:lab', 'focus': (0.5, 0.5)}
click_element_safe 成功:  {'locator': 'ui_layer/view/UIHeroInfo/UIHeroInfo/_ui_containe/ui_heroinfo_info/bottom/_group_upgrade/_btn_levelup/_btn_text:lab', 'focus': (0.5, 0.5)}
click_element_safe 成功:  {'locator': 'ui_layer/view/UIHeroInfo/UIHeroInfo/_ui_containe/ui_heroinfo_info/bottom/_group_upgrade/_btn_levelup/_btn_text:lab', 'focus': (0.5, 0.5)}
click_element_safe 成功:  {'locator': 'ui_layer/view/UIHeroInfo/UIHeroInfo/_ui_containe/ui_heroinfo_info/bottom/_group_upgrade/_btn_levelup/_btn_text:lab', 'focus': (0.5, 0.5)}
检测到 close_2
click_until_disappear 成功: {'locator': 'ui_layer/view/ui_res_use_item/ui_res_use_item/bottom/title/_but_close:but/sprite', 'focus': (0.5, 0.5)}
== guan_yin_ping 升星==
1 / 2
2 / 2
click_until_disappear 成功: {'locator': 'ui_layer/view/ui_res_get_more_item/ui_res_get_more_item/title/_but_close:but', 'focus': (0.5, 0.5)}
click_until_disappear 成功: {'locator': 'ui_layer/view/UIHeroRankUp/UIHeroRankUp/bg/title/_button_close', 'focus': (0.5, 0.5)}
click_until_disappear 成功: {'locator': 'ui_layer/view/UIHeroInfo/UIHeroInfo/bottom-001/_btn_back', 'focus': (0.5, 0.5)}
== ma_su 升级==
click_element_safe 成功:  {'locator': 'ui_layer/view/UIHeroInfo/UIHeroInfo/_ui_containe/ui_heroinfo_info/bottom/_group_upgrade/_btn_levelup/_btn_text:lab', 'focus': (0.5, 0.5)}
click_element_safe 成功:  {'locator': 'ui_layer/view/UIHeroInfo/UIHeroInfo/_ui_containe/ui_heroinfo_info/bottom/_group_upgrade/_btn_levelup/_btn_text:lab', 'focus': (0.5, 0.5)}
click_element_safe 成功:  {'locator': 'ui_layer/view/UIHeroInfo/UIHeroInfo/_ui_containe/ui_heroinfo_info/bottom/_group_upgrade/_btn_levelup/_btn_text:lab', 'focus': (0.5, 0.5)}
检测到 close_2
click_until_disappear 成功: {'locator': 'ui_layer/view/ui_res_use_item/ui_res_use_item/bottom/title/_but_close:but/sprite', 'focus': (0.5, 0.5)}
== ma_su 升星==
1 / 2
2 / 2
click_until_disappear 成功: {'locator': 'ui_layer/view/ui_res_get_more_item/ui_res_get_more_item/title/_but_close:but', 'focus': (0.5, 0.5)}
click_until_disappear 成功: {'locator': 'ui_layer/view/UIHeroRankUp/UIHeroRankUp/bg/title/_button_close', 'focus': (0.5, 0.5)}
click_until_disappear 成功: {'locator': 'ui_layer/view/UIHeroInfo/UIHeroInfo/bottom-001/_btn_back', 'focus': (0.5, 0.5)}
click_until_disappear 成功: {'locator': 'ui_layer/view/UIHeroList/UIHeroList/bottom/_closeBtn', 'focus': (0.5, 0.5)}
====click_a_until_b_appear_list：chapter_six_perform_list_7====
1 / 7
2 / 7
3 / 7
4 / 7
5 / 7
6 / 7
7 / 7
================第六章结束======================
================第6章结束======================
================第7章开始======================
================第七章开始======================
====click_a_until_b_appear_list：chapter_seven_perform_list_1====
1 / 6
2 / 6
3 / 6
4 / 6
5 / 6
6 / 6
click_until_disappear 成功: {'locator': 'ui_layer/view/UISlgBuildingUpgrade/UISlgBuildingUpgrade/main/_group_buttons/_but_use_diamond:but/label', 'focus': (0.5, 0.5)}
click_until_disappear 成功: {'locator': 'ui_layer/view/UIBuilding/UIBuilding/bg/_task/_but_task:but/_task_effect', 'focus': (0.5, 0.2)}
====click_a_until_b_appear_list：chapter_seven_perform_list_2====
1 / 5
2 / 5
3 / 5
4 / 5
5 / 5
click_until_disappear 成功: {'locator': 'ui_layer/view/UIWatchTower/UIStoryGuide/UIStoryGuide/_hand/ui_xinshou/root/_spr_finger:spr', 'focus': (0.5, 0.5)}
click_until_disappear 成功: {'locator': 'ui_layer/view/UIMapInteractionTipsRescue/UIMapInteractionTipsRescue/_main_root/_content/map_enemy_bottom/_node_map_enemy_attack:node/_but_attack:but/_lab_attack:lab', 'focus': (0.5, 0.5)}
====click_a_until_b_appear_list：chapter_seven_perform_list_3====
1 / 2
2 / 2
click_until_disappear 成功: {'locator': 'ui_layer/view/UIReward/UIReward/text01', 'focus': (0.5, 0.5)}
click_until_disappear 成功: {'locator': 'ui_layer/view/UIWatchTower/UIStoryGuide/UIStoryGuide/_hand/ui_xinshou/root/_spr_finger:spr', 'focus': (0.5, 0.5)}
click_element_safe 成功:  {'locator': 'ui_layer/view/UIMapInteractionTipsEnemy/UIMapInteractionTipsEnemy/_main_root/_content/map_enemy_bottom/_node_map_enemy_attack/_but_attack:but', 'focus': (0.5, 0.5)}
1
click_element_safe 成功:  {'locator': 'ui_layer/view/UIGoBattle/UIGoBattle/main/bottom/Node/_but_go_battle:but', 'focus': (0.5, 0.5)}
2
====click_a_until_b_appear_list：chapter_seven_perform_list_4====
1 / 2
2 / 2
click_until_disappear 成功: {'locator': 'ui_layer/view/UIReward/UIReward/text01', 'focus': (0.5, 0.5)}
click_until_disappear 成功: {'locator': 'ui_layer/view/UiWatchtowerUpdate/UiWatchtowerUpdate/anim_main/_tap_close_hint', 'focus': (0.5, 0.5)}
click_object_of_plural_objects: {'locator': 'ui_layer/view/UIWatchTower/UIWatchTower/_map_root:but/_content//_anim/_spr_misssion_bg:spr/_spr_misssion_icon:spr', 'focus': (0.5, 0.5)}
click_object_of_plural_objects: None
click_object_of_plural_objects: {'locator': 'ui_layer/view/UIWatchTower/UIWatchTower/_map_root:but/_content//_anim/_goto/_but_goto:but/lab_goto', 'focus': (0.5, 0.5)}
click_object_of_plural_objects: None
click_until_disappear 成功: {'locator': 'ui_layer/view/UIMapInteractionTipsRescue/UIMapInteractionTipsRescue/_main_root/_content/map_enemy_bottom/_node_map_enemy_attack:node/_but_attack:but/_lab_attack:lab', 'focus': (0.5, 0.5)}
click_element_safe 成功:  {'locator': 'ui_layer/view/UILevelHUD/UILevelHUD/_main/_left_bottom/_left_bottom_lay1/_but_watch_tower:but/Sprite', 'focus': (0.5, 0.5)}
click_object_of_plural_objects: {'locator': 'ui_layer/view/UIWatchTower/UIWatchTower/_map_root:but/_content//_anim/_spr_complete:spr', 'focus': (0.5, 0.5)}
click_object_of_plural_objects: None
click_until_disappear 成功: {'locator': 'ui_layer/view/UIReward/UIReward/text01', 'focus': (0.5, 0.5)}
click_element_safe 成功:  {'locator': 'ui_layer/view/UIWatchTower/UIWatchTower/bottom/_but_close:but', 'focus': (0.5, 0.5)}
====click_a_until_b_appear_list：chapter_seven_perform_list_5====
1 / 1
click_until_disappear 成功: {'locator': 'ui_layer/view/UILevelHUD/UILevelHUD/_main/_left_bottom/_task/_but_task:but/_task_effect', 'focus': (0.5, 0.5)}
====click_a_until_b_appear_list：chapter_seven_perform_list====
1 / 2
2 / 2
====click_a_until_b_appear_list：chapter_seven_perform_list_6====
1 / 2
2 / 2
click_element_safe 成功:  {'locator': 'ui_layer/view/UiBarracks/UiBarracks/bg/_group_training/Layout/_but_use_diamond:but', 'focus': (0.5, 0.5)}
click_element_safe 成功:  {'locator': 'ui_layer/view/UILevelHUD/UILevelHUD/_main/_top/_but_utc_time:but/_lab_utc_time:lab', 'focus': (0.5, 0.5)}
====click_a_until_b_appear_list：chapter_seven_perform_list_7====
1 / 4
2 / 4
3 / 4
4 / 4
click_until_disappear 成功: {'locator': 'ui_layer/view/UIGoBattle/UIGoBattle/main/bottom/Node/_but_go_battle:but', 'focus': (0.5, 0.5)}
click_element_safe 成功:  {'locator': 'ui_layer/view/UILevelHUD/UILevelHUD/_main/_bottom/_but_maincity:but', 'focus': (0.5, 0.5)}
====click_a_until_b_appear_list：chapter_seven_perform_list_8====
1 / 2
2 / 2
click_element_safe 成功:  {'locator': 'ui_layer/view/UIBuilding/UIBuilding/bg/_but_open_upgrade:but', 'focus': (0.5, 0.5)}
click_until_disappear 成功: {'locator': 'ui_layer/view/UISlgBuildingUpgrade/UISlgBuildingUpgrade/main/_group_buttons/_but_use_diamond:but/label', 'focus': (0.5, 0.5)}
====click_a_until_b_appear_list：chapter_seven_perform_list_9====
1 / 1
click_element_safe 成功:  {'locator': 'ui_layer/view/UIBuilding/UIBuilding/bg/_but_open_upgrade:but', 'focus': (0.5, 0.5)}
click_until_disappear 成功: {'locator': 'ui_layer/view/UISlgBuildingUpgrade/UISlgBuildingUpgrade/main/_group_buttons/_but_use_diamond:but/label', 'focus': (0.5, 0.5)}
click_element_safe 成功:  {'locator': 'ui_layer/view/UIBuilding/UIBuilding/bg/_task/_but_task:but/_task_effect', 'focus': (0.5, 0.2)}
click_until_disappear 成功: {'locator': 'ui_layer/view/UIBuildingConstruct/UIBuildingConstruct/bg/_group_construct/_but_build:but/label', 'focus': (0.5, 0.5)}
====click_a_until_b_appear_list：chapter_seven_perform_list_10====
1 / 4
2 / 4
3 / 4
4 / 4
click_element_safe 成功:  {'locator': 'ui_layer/view/UISlgBuildingUpgrade/UISlgBuildingUpgrade/main/_group_buttons/_but_use_diamond:but/label', 'focus': (0.5, 0.5)}
====click_a_until_b_appear_list：chapter_seven_perform_list_11====
1 / 4
2 / 4
3 / 4
4 / 4
click_element_safe 成功:  {'locator': 'ui_layer/view/UIBuilding/UIBuilding/bg/_task/_but_task:but/_task_effect', 'focus': (0.5, 0.2)}
====hero_upgrade====
== cai_wen_ji 升级==
click_element_safe 成功:  {'locator': 'ui_layer/view/UIHeroInfo/UIHeroInfo/_ui_containe/ui_heroinfo_info/bottom/_group_upgrade/_btn_levelup/_btn_text:lab', 'focus': (0.5, 0.5)}
检测到 close_2
click_until_disappear 成功: {'locator': 'ui_layer/view/ui_res_use_item/ui_res_use_item/bottom/title/_but_close:but/sprite', 'focus': (0.5, 0.5)}
== cai_wen_ji 升星==
1 / 2
2 / 2
click_until_disappear 成功: {'locator': 'ui_layer/view/ui_res_get_more_item/ui_res_get_more_item/title/_but_close:but', 'focus': (0.5, 0.5)}
click_until_disappear 成功: {'locator': 'ui_layer/view/UIHeroRankUp/UIHeroRankUp/bg/title/_button_close', 'focus': (0.5, 0.5)}
click_until_disappear 成功: {'locator': 'ui_layer/view/UIHeroInfo/UIHeroInfo/bottom-001/_btn_back', 'focus': (0.5, 0.5)}
== guan_yin_ping 升级==
click_element_safe 成功:  {'locator': 'ui_layer/view/UIHeroInfo/UIHeroInfo/_ui_containe/ui_heroinfo_info/bottom/_group_upgrade/_btn_levelup/_btn_text:lab', 'focus': (0.5, 0.5)}
click_element_safe 成功:  {'locator': 'ui_layer/view/UIHeroInfo/UIHeroInfo/_ui_containe/ui_heroinfo_info/bottom/_group_upgrade/_btn_levelup/_btn_text:lab', 'focus': (0.5, 0.5)}
click_element_safe 成功:  {'locator': 'ui_layer/view/UIHeroInfo/UIHeroInfo/_ui_containe/ui_heroinfo_info/bottom/_group_upgrade/_btn_levelup/_btn_text:lab', 'focus': (0.5, 0.5)}
click_element_safe 成功:  {'locator': 'ui_layer/view/UIHeroInfo/UIHeroInfo/_ui_containe/ui_heroinfo_info/bottom/_group_upgrade/_btn_levelup/_btn_text:lab', 'focus': (0.5, 0.5)}
检测到 close_2
click_until_disappear 成功: {'locator': 'ui_layer/view/ui_res_use_item/ui_res_use_item/bottom/title/_but_close:but/sprite', 'focus': (0.5, 0.5)}
== guan_yin_ping 升星==
1 / 2
2 / 2
click_until_disappear 成功: {'locator': 'ui_layer/view/ui_res_get_more_item/ui_res_get_more_item/title/_but_close:but', 'focus': (0.5, 0.5)}
click_until_disappear 成功: {'locator': 'ui_layer/view/UIHeroRankUp/UIHeroRankUp/bg/title/_button_close', 'focus': (0.5, 0.5)}
click_until_disappear 成功: {'locator': 'ui_layer/view/UIHeroInfo/UIHeroInfo/bottom-001/_btn_back', 'focus': (0.5, 0.5)}
== ma_su 升级==
click_element_safe 成功:  {'locator': 'ui_layer/view/UIHeroInfo/UIHeroInfo/_ui_containe/ui_heroinfo_info/bottom/_group_upgrade/_btn_levelup/_btn_text:lab', 'focus': (0.5, 0.5)}
click_element_safe 成功:  {'locator': 'ui_layer/view/UIHeroInfo/UIHeroInfo/_ui_containe/ui_heroinfo_info/bottom/_group_upgrade/_btn_levelup/_btn_text:lab', 'focus': (0.5, 0.5)}
检测到 close_2
click_until_disappear 成功: {'locator': 'ui_layer/view/ui_res_use_item/ui_res_use_item/bottom/title/_but_close:but/sprite', 'focus': (0.5, 0.5)}
== ma_su 升星==
1 / 2
2 / 2
click_until_disappear 成功: {'locator': 'ui_layer/view/ui_res_get_more_item/ui_res_get_more_item/title/_but_close:but', 'focus': (0.5, 0.5)}
click_until_disappear 成功: {'locator': 'ui_layer/view/UIHeroRankUp/UIHeroRankUp/bg/title/_button_close', 'focus': (0.5, 0.5)}
click_until_disappear 成功: {'locator': 'ui_layer/view/UIHeroInfo/UIHeroInfo/bottom-001/_btn_back', 'focus': (0.5, 0.5)}
click_until_disappear 成功: {'locator': 'ui_layer/view/UIHeroList/UIHeroList/bottom/_closeBtn', 'focus': (0.5, 0.5)}
====click_a_until_b_appear_list：chapter_seven_perform_list_11_1====
1 / 2
2 / 2
click_until_disappear 成功: {'locator': 'ui_layer/view/UIRecruitNewHero/UIRecruitNewHero/bottom/_lab_tips:lab', 'focus': (0.5, 0.5)}
====click_a_until_b_appear_list：chapter_seven_perform_list_12====
1 / 3
2 / 3
3 / 3
click_element_safe 成功:  {'locator': 'ui_layer/view/UIBattleEmbattle/UIBattleEmbattle/_but_quick_formation:but/_lab_quick_formation:lab', 'focus': (0.5, 0.5)}
====click_a_until_b_appear_list：chapter_seven_perform_list_13====
1 / 15
2 / 15
3 / 15
4 / 15
5 / 15
6 / 15
7 / 15
8 / 15
9 / 15
10 / 15
11 / 15
12 / 15
13 / 15
14 / 15
15 / 15
click_until_disappear 成功: {'locator': 'ui_layer/view/UIBattleResultWin/UIBattleResultWin/SubUIBattleResultMainWin/SubUIBattleResultMainWin/mian/but_layout/_but_exit:but/_lab_but_exit:lab', 'focus': (0.5, 0.5)}
====zhaomu_operation====
普通招募数量： 19
高级招募数量： 4
正在执行第 1 次 basics_ten 点击
click_element_safe 成功:  {'locator': 'ui_layer/view/UIRecruit/UIRecruit/_anim_recruit_main:ani/center/basics/_but_basics_ten:but/_lab_btn_basics_ten:lab', 'focus': (0.5, 0.5)}
click_until_disappear 成功: {'locator': 'ui_layer/view/UIRecruitResult/UIRecruitResult/_lab_continue:lab', 'focus': (0.5, 0.5)}
正在执行第 1 次 basics_once 点击
click_element_safe 成功:  {'locator': 'ui_layer/view/UIRecruit/UIRecruit/_anim_recruit_main:ani/center/basics/_but_basics_once:but/_lab_btn_bascis_once:lab', 'focus': (0.5, 0.5)}
正在执行第 1 次 again 点击
click_element_safe 成功:  {'locator': 'ui_layer/view/UIRecruitResult/UIRecruitResult/center/_opa_bottom:opa/_but_recruit_ten:but/_lab_btn_recruit:lab', 'focus': (0.5, 0.5)}
正在执行第 2 次 again 点击
click_element_safe 成功:  {'locator': 'ui_layer/view/UIRecruitResult/UIRecruitResult/center/_opa_bottom:opa/_but_recruit_ten:but/_lab_btn_recruit:lab', 'focus': (0.5, 0.5)}
正在执行第 3 次 again 点击
click_element_safe 成功:  {'locator': 'ui_layer/view/UIRecruitResult/UIRecruitResult/center/_opa_bottom:opa/_but_recruit_ten:but/_lab_btn_recruit:lab', 'focus': (0.5, 0.5)}
正在执行第 4 次 again 点击
click_element_safe 成功:  {'locator': 'ui_layer/view/UIRecruitResult/UIRecruitResult/center/_opa_bottom:opa/_but_recruit_ten:but/_lab_btn_recruit:lab', 'focus': (0.5, 0.5)}
正在执行第 5 次 again 点击
click_element_safe 成功:  {'locator': 'ui_layer/view/UIRecruitResult/UIRecruitResult/center/_opa_bottom:opa/_but_recruit_ten:but/_lab_btn_recruit:lab', 'focus': (0.5, 0.5)}
正在执行第 6 次 again 点击
click_element_safe 成功:  {'locator': 'ui_layer/view/UIRecruitResult/UIRecruitResult/center/_opa_bottom:opa/_but_recruit_ten:but/_lab_btn_recruit:lab', 'focus': (0.5, 0.5)}
正在执行第 7 次 again 点击
click_element_safe 成功:  {'locator': 'ui_layer/view/UIRecruitResult/UIRecruitResult/center/_opa_bottom:opa/_but_recruit_ten:but/_lab_btn_recruit:lab', 'focus': (0.5, 0.5)}
正在执行第 8 次 again 点击
click_element_safe 成功:  {'locator': 'ui_layer/view/UIRecruitResult/UIRecruitResult/center/_opa_bottom:opa/_but_recruit_ten:but/_lab_btn_recruit:lab', 'focus': (0.5, 0.5)}
click_until_disappear 成功: {'locator': 'ui_layer/view/UIRecruitResult/UIRecruitResult/_lab_continue:lab', 'focus': (0.5, 0.5)}
正在执行第 1 次 advanced_once 点击
click_element_safe 成功:  {'locator': 'ui_layer/view/UIRecruit/UIRecruit/_anim_recruit_main:ani/center/advanced/_but_advanced_once:but/_lab_btn_advanced_once:lab', 'focus': (0.5, 0.5)}
正在执行第 1 次 again 点击
click_element_safe 成功:  {'locator': 'ui_layer/view/UIRecruitResult/UIRecruitResult/center/_opa_bottom:opa/_but_recruit_ten:but/_lab_btn_recruit:lab', 'focus': (0.5, 0.5)}
正在执行第 2 次 again 点击
click_element_safe 成功:  {'locator': 'ui_layer/view/UIRecruitResult/UIRecruitResult/center/_opa_bottom:opa/_but_recruit_ten:but/_lab_btn_recruit:lab', 'focus': (0.5, 0.5)}
正在执行第 3 次 again 点击
click_element_safe 成功:  {'locator': 'ui_layer/view/UIRecruitResult/UIRecruitResult/center/_opa_bottom:opa/_but_recruit_ten:but/_lab_btn_recruit:lab', 'focus': (0.5, 0.5)}
click_until_disappear 成功: {'locator': 'ui_layer/view/UIRecruitResult/UIRecruitResult/_lab_continue:lab', 'focus': (0.5, 0.5)}
click_until_disappear 成功: {'locator': 'ui_layer/view/UIRecruit/UIRecruit/_anim_recruit_main:ani/bottom/_but_return:but', 'focus': (0.5, 0.5)}
click_until_disappear 成功: {'locator': 'ui_layer/view/UIHeroList/UIHeroList/bottom/_closeBtn', 'focus': (0.5, 0.5)}
====hero_upgrade====
== cai_wen_ji 升级==
click_element_safe 成功:  {'locator': 'ui_layer/view/UIHeroInfo/UIHeroInfo/_ui_containe/ui_heroinfo_info/bottom/_group_upgrade/_btn_levelup/_btn_text:lab', 'focus': (0.5, 0.5)}
检测到 upgrade_condition元素
== cai_wen_ji 升星==
1 / 2
2 / 2
click_until_disappear 成功: {'locator': 'ui_layer/view/ui_res_get_more_item/ui_res_get_more_item/title/_but_close:but', 'focus': (0.5, 0.5)}
click_until_disappear 成功: {'locator': 'ui_layer/view/UIHeroRankUp/UIHeroRankUp/bg/title/_button_close', 'focus': (0.5, 0.5)}
click_until_disappear 成功: {'locator': 'ui_layer/view/UIHeroInfo/UIHeroInfo/bottom-001/_btn_back', 'focus': (0.5, 0.5)}
== guan_yin_ping 升级==
click_element_safe 成功:  {'locator': 'ui_layer/view/UIHeroInfo/UIHeroInfo/_ui_containe/ui_heroinfo_info/bottom/_group_upgrade/_btn_levelup/_btn_text:lab', 'focus': (0.5, 0.5)}
click_element_safe 成功:  {'locator': 'ui_layer/view/UIHeroInfo/UIHeroInfo/_ui_containe/ui_heroinfo_info/bottom/_group_upgrade/_btn_levelup/_btn_text:lab', 'focus': (0.5, 0.5)}
click_element_safe 成功:  {'locator': 'ui_layer/view/UIHeroInfo/UIHeroInfo/_ui_containe/ui_heroinfo_info/bottom/_group_upgrade/_btn_levelup/_btn_text:lab', 'focus': (0.5, 0.5)}
click_element_safe 成功:  {'locator': 'ui_layer/view/UIHeroInfo/UIHeroInfo/_ui_containe/ui_heroinfo_info/bottom/_group_upgrade/_btn_levelup/_btn_text:lab', 'focus': (0.5, 0.5)}
click_element_safe 成功:  {'locator': 'ui_layer/view/UIHeroInfo/UIHeroInfo/_ui_containe/ui_heroinfo_info/bottom/_group_upgrade/_btn_levelup/_btn_text:lab', 'focus': (0.5, 0.5)}
click_element_safe 成功:  {'locator': 'ui_layer/view/UIHeroInfo/UIHeroInfo/_ui_containe/ui_heroinfo_info/bottom/_group_upgrade/_btn_levelup/_btn_text:lab', 'focus': (0.5, 0.5)}
click_element_safe 成功:  {'locator': 'ui_layer/view/UIHeroInfo/UIHeroInfo/_ui_containe/ui_heroinfo_info/bottom/_group_upgrade/_btn_levelup/_btn_text:lab', 'focus': (0.5, 0.5)}
click_element_safe 成功:  {'locator': 'ui_layer/view/UIHeroInfo/UIHeroInfo/_ui_containe/ui_heroinfo_info/bottom/_group_upgrade/_btn_levelup/_btn_text:lab', 'focus': (0.5, 0.5)}
检测到 upgrade_condition元素
== guan_yin_ping 升星==
1 / 2
2 / 2
click_until_disappear 成功: {'locator': 'ui_layer/view/ui_res_get_more_item/ui_res_get_more_item/title/_but_close:but', 'focus': (0.5, 0.5)}
click_until_disappear 成功: {'locator': 'ui_layer/view/UIHeroRankUp/UIHeroRankUp/bg/title/_button_close', 'focus': (0.5, 0.5)}
click_until_disappear 成功: {'locator': 'ui_layer/view/UIHeroInfo/UIHeroInfo/bottom-001/_btn_back', 'focus': (0.5, 0.5)}
== ma_su 升级==
click_element_safe 成功:  {'locator': 'ui_layer/view/UIHeroInfo/UIHeroInfo/_ui_containe/ui_heroinfo_info/bottom/_group_upgrade/_btn_levelup/_btn_text:lab', 'focus': (0.5, 0.5)}
click_element_safe 成功:  {'locator': 'ui_layer/view/UIHeroInfo/UIHeroInfo/_ui_containe/ui_heroinfo_info/bottom/_group_upgrade/_btn_levelup/_btn_text:lab', 'focus': (0.5, 0.5)}
click_element_safe 成功:  {'locator': 'ui_layer/view/UIHeroInfo/UIHeroInfo/_ui_containe/ui_heroinfo_info/bottom/_group_upgrade/_btn_levelup/_btn_text:lab', 'focus': (0.5, 0.5)}
click_element_safe 成功:  {'locator': 'ui_layer/view/UIHeroInfo/UIHeroInfo/_ui_containe/ui_heroinfo_info/bottom/_group_upgrade/_btn_levelup/_btn_text:lab', 'focus': (0.5, 0.5)}
click_element_safe 成功:  {'locator': 'ui_layer/view/UIHeroInfo/UIHeroInfo/_ui_containe/ui_heroinfo_info/bottom/_group_upgrade/_btn_levelup/_btn_text:lab', 'focus': (0.5, 0.5)}
click_element_safe 成功:  {'locator': 'ui_layer/view/UIHeroInfo/UIHeroInfo/_ui_containe/ui_heroinfo_info/bottom/_group_upgrade/_btn_levelup/_btn_text:lab', 'focus': (0.5, 0.5)}
click_element_safe 成功:  {'locator': 'ui_layer/view/UIHeroInfo/UIHeroInfo/_ui_containe/ui_heroinfo_info/bottom/_group_upgrade/_btn_levelup/_btn_text:lab', 'focus': (0.5, 0.5)}
click_element_safe 成功:  {'locator': 'ui_layer/view/UIHeroInfo/UIHeroInfo/_ui_containe/ui_heroinfo_info/bottom/_group_upgrade/_btn_levelup/_btn_text:lab', 'focus': (0.5, 0.5)}
检测到 close_2
click_until_disappear 成功: {'locator': 'ui_layer/view/ui_res_use_item/ui_res_use_item/bottom/title/_but_close:but/sprite', 'focus': (0.5, 0.5)}
== ma_su 升星==
1 / 2
2 / 2
click_until_disappear 成功: {'locator': 'ui_layer/view/ui_res_get_more_item/ui_res_get_more_item/title/_but_close:but', 'focus': (0.5, 0.5)}
click_until_disappear 成功: {'locator': 'ui_layer/view/UIHeroRankUp/UIHeroRankUp/bg/title/_button_close', 'focus': (0.5, 0.5)}
click_until_disappear 成功: {'locator': 'ui_layer/view/UIHeroInfo/UIHeroInfo/bottom-001/_btn_back', 'focus': (0.5, 0.5)}
== hua_xiong 升级==
click_element_safe 成功:  {'locator': 'ui_layer/view/UIHeroInfo/UIHeroInfo/_ui_containe/ui_heroinfo_info/bottom/_group_upgrade/_btn_levelup/_btn_text:lab', 'focus': (0.5, 0.5)}
click_element_safe 成功:  {'locator': 'ui_layer/view/UIHeroInfo/UIHeroInfo/_ui_containe/ui_heroinfo_info/bottom/_group_upgrade/_btn_levelup/_btn_text:lab', 'focus': (0.5, 0.5)}
click_element_safe 成功:  {'locator': 'ui_layer/view/UIHeroInfo/UIHeroInfo/_ui_containe/ui_heroinfo_info/bottom/_group_upgrade/_btn_levelup/_btn_text:lab', 'focus': (0.5, 0.5)}
click_element_safe 成功:  {'locator': 'ui_layer/view/UIHeroInfo/UIHeroInfo/_ui_containe/ui_heroinfo_info/bottom/_group_upgrade/_btn_levelup/_btn_text:lab', 'focus': (0.5, 0.5)}
click_element_safe 成功:  {'locator': 'ui_layer/view/UIHeroInfo/UIHeroInfo/_ui_containe/ui_heroinfo_info/bottom/_group_upgrade/_btn_levelup/_btn_text:lab', 'focus': (0.5, 0.5)}
检测到 close_2
click_until_disappear 成功: {'locator': 'ui_layer/view/ui_res_use_item/ui_res_use_item/bottom/title/_but_close:but/sprite', 'focus': (0.5, 0.5)}
== hua_xiong 升星==
1 / 2
2 / 2
click_until_disappear 成功: {'locator': 'ui_layer/view/ui_res_get_more_item/ui_res_get_more_item/title/_but_close:but', 'focus': (0.5, 0.5)}
click_until_disappear 成功: {'locator': 'ui_layer/view/UIHeroRankUp/UIHeroRankUp/bg/title/_button_close', 'focus': (0.5, 0.5)}
click_until_disappear 成功: {'locator': 'ui_layer/view/UIHeroInfo/UIHeroInfo/bottom-001/_btn_back', 'focus': (0.5, 0.5)}
click_until_disappear 成功: {'locator': 'ui_layer/view/UIHeroList/UIHeroList/bottom/_closeBtn', 'focus': (0.5, 0.5)}
====click_a_until_b_appear_list：chapter_seven_perform_list_14====
1 / 2
2 / 2
click_element_safe 成功:  {'locator': 'ui_layer/view/UIBattleEmbattle/UIBattleEmbattle/_but_quick_formation:but/_lab_quick_formation:lab', 'focus': (0.5, 0.5)}
====click_a_until_b_appear_list：chapter_seven_perform_list_15====
1 / 7
2 / 7
3 / 7
4 / 7
5 / 7
6 / 7
7 / 7
================第七章结束======================
================第7章结束======================
=================测试完成================
测试结束
                
==================== 测试报告生成完成 ====================
📊 测试统计:
   ✅ 成功章节: 14个
   ❌ 失败章节: 0个  
   📈 总操作次数: 624次
   ⚠️  异常次数: 0次
   📋 成功率: 100.0%

📄 HTML报告已生成: reports/test_report_20250911_181325.html
💡 请在浏览器中打开查看详细报告

========================================================


钉钉返回： 200 {"errcode":0,"errmsg":"ok"}
脚本开始时间: 2025-09-11 17:26:35
脚本结束时间: 2025-09-11 18:13:25
总耗时: 0:46:50.326221
