['/Users/te_ma/项目/测试脚本/cocos_uitest-mxltest/.venv/lib/python3.9/site-packages/airtest/core/ios/iproxy/mac/iproxy', '-u', '00008101-00046CC42181001E', '13828', '8100']
设备状态: {'build': {'version': '9.6.1', 'time': 'Sep  4 2025 11:09:57', 'productBundleIdentifier': 'com.facebook.WebDriverAgentRunner'}, 'os': {'testmanagerdVersion': 65535, 'name': 'iOS', 'sdkVersion': '18.4', 'version': '17.6.1'}, 'device': 'iphone', 'ios': {'ip': '172.16.37.195'}, 'message': 'WebDriverAgent is ready to accept commands', 'state': 'success', 'ready': True, 'sessionId': None}
================第一章开始======================
====click_a_until_b_appear_list：chapter_one_perform_list====
1 / 28
2 / 28
3 / 28
4 / 28
5 / 28
6 / 28
7 / 28
8 / 28
9 / 28
10 / 28
11 / 28
12 / 28
13 / 28
14 / 28
15 / 28
16 / 28
17 / 28
18 / 28
19 / 28
20 / 28
21 / 28
22 / 28
23 / 28
24 / 28
25 / 28
26 / 28
27 / 28
28 / 28
click_until_disappear 成功: {'locator': 'ui_layer/view/UiMission/UiMission/title/_but_close:but/Sprite', 'focus': (0.5, 0.5)}
click_element_safe 成功:  {'locator': 'ui_layer/view/UILevelHUD/UILevelHUD/_main/_left_bottom/_task/_but_task:but/_task_effect', 'focus': (0.5, 0.5)}
====click_a_until_b_appear_list：chapter_one_perform_list_1====
1 / 1
click_until_disappear 成功: {'locator': 'ui_layer/view/UIBuildingConstruct/UIBuildingConstruct/bg/_group_construct/_but_build:but/label', 'focus': (0.5, 0.5)}
====click_a_until_b_appear_list：chapter_one_perform_list_2====
1 / 4
2 / 4
3 / 4
4 / 4
====click_a_until_b_appear_list：chapter_one_perform_list_3====
1 / 11
2 / 11
3 / 11
4 / 11
5 / 11
